<?xml version="1.0" encoding="UTF-8"?>
<!-- Generated by org.testng.reporters.JUnitReportReporter -->
<testsuite hostname="Ummas-Air" failures="0" tests="2" name="com.careerhack.runners.TestRunner" time="22.144" errors="0" timestamp="23 Mar 2022 00:11:14 GMT" skipped="0">
  <testcase classname="com.careerhack.runners.TestRunner" name="runScenario" time="18.279"/>
  <testcase classname="com.careerhack.runners.TestRunner" name="runScenario" time="3.865"/>
</testsuite> <!-- com.careerhack.runners.TestRunner -->
